<?xml version="1.0" encoding="UTF-8"?>
<!-- Generated by org.testng.reporters.JUnitXMLReporter -->
<testsuite ignored="0" hostname="DESKTOP-C95QSIM" failures="1" tests="1" name="Nopackage" time="16.949" errors="0" timestamp="30 Aug 2022 20:25:03 GMT">
  <testcase classname="io.cucumber.testng.AbstractTestNGCucumberTests" name="runScenario" time="16.308">
    <failure type="java.lang.AssertionError" message="expected [Sign in to Zoopla - Zoopla] but found [My Zoopla | Zoopla]">
      <![CDATA[java.lang.AssertionError: expected [Sign in to Zoopla - Zoopla] but found [My Zoopla | Zoopla]
at com.mystepdefpackage.LoginStepDefMou.user_able_to_validate_the_page_title(LoginStepDefMou.java:55)
at âœ½.User able to validate the page title "My Zoopla | Zoopla"(file:///C:/Users/User/eclipse-workspace/Cucumber_TestNG_Practice/./Features/LogIn.feature:11)
... Removed 6 stack frames]]>
    </failure>
  </testcase> <!-- runScenario -->
</testsuite> <!-- Nopackage -->
