<?xml version="1.0" encoding="UTF-8"?>
<testng-results ignored="0" total="1" passed="0" failed="1" skipped="0">
  <reporter-output>
  </reporter-output>
  <suite started-at="2022-08-30T20:24:46Z" name="Suite1" finished-at="2022-08-30T20:25:03Z" duration-ms="16949">
    <groups>
      <group name="cucumber">
        <method signature="AbstractTestNGCucumberTests.runScenario(io.cucumber.testng.PickleWrapper, io.cucumber.testng.FeatureWrapper)[pri:0, instance:com.myrunnerpackage.MyRunnerClassMou@906d29b]" name="runScenario" class="io.cucumber.testng.AbstractTestNGCucumberTests"/>
      </group> <!-- cucumber -->
    </groups>
    <test started-at="2022-08-30T20:24:46Z" name="Nopackage" finished-at="2022-08-30T20:25:03Z" duration-ms="16949">
      <class name="com.myrunnerpackage.MyRunnerClassMou">
        <test-method is-config="true" signature="setUpClass()[pri:0, instance:com.myrunnerpackage.MyRunnerClassMou@906d29b]" started-at="2022-08-30T20:24:46Z" name="setUpClass" finished-at="2022-08-30T20:24:46Z" duration-ms="581" status="PASS">
          <reporter-output>
          </reporter-output>
        </test-method> <!-- setUpClass -->
        <test-method signature="runScenario(io.cucumber.testng.PickleWrapper, io.cucumber.testng.FeatureWrapper)[pri:0, instance:com.myrunnerpackage.MyRunnerClassMou@906d29b]" started-at="2022-08-30T20:24:46Z" name="runScenario" description="Runs Cucumber Scenarios" data-provider="scenarios" finished-at="2022-08-30T20:25:03Z" duration-ms="16308" status="FAIL">
          <params>
            <param index="0">
              <value>
                <![CDATA["User able to log in the application with valid credentials"]]>
              </value>
            </param>
            <param index="1">
              <value>
                <![CDATA["Optional[User able to log in the application]"]]>
              </value>
            </param>
          </params>
          <exception class="java.lang.AssertionError">
            <message>
              <![CDATA[expected [Sign in to Zoopla - Zoopla] but found [My Zoopla | Zoopla]]]>
            </message>
            <full-stacktrace>
              <![CDATA[java.lang.AssertionError: expected [Sign in to Zoopla - Zoopla] but found [My Zoopla | Zoopla]
at org.testng.Assert.fail(Assert.java:96)
at org.testng.Assert.failNotEquals(Assert.java:776)
at org.testng.Assert.assertEqualsImpl(Assert.java:137)
at org.testng.Assert.assertEquals(Assert.java:118)
at org.testng.Assert.assertEquals(Assert.java:453)
at org.testng.Assert.assertEquals(Assert.java:463)
at com.mystepdefpackage.LoginStepDefMou.user_able_to_validate_the_page_title(LoginStepDefMou.java:55)
at âœ½.User able to validate the page title "My Zoopla | Zoopla"(file:///C:/Users/User/eclipse-workspace/Cucumber_TestNG_Practice/./Features/LogIn.feature:11)
]]>
            </full-stacktrace>
          </exception> <!-- java.lang.AssertionError -->
          <reporter-output>
          </reporter-output>
        </test-method> <!-- runScenario -->
        <test-method is-config="true" signature="tearDownClass()[pri:0, instance:com.myrunnerpackage.MyRunnerClassMou@906d29b]" started-at="2022-08-30T20:25:03Z" name="tearDownClass" finished-at="2022-08-30T20:25:03Z" duration-ms="21" status="PASS">
          <reporter-output>
          </reporter-output>
        </test-method> <!-- tearDownClass -->
      </class> <!-- com.myrunnerpackage.MyRunnerClassMou -->
    </test> <!-- Nopackage -->
  </suite> <!-- Suite1 -->
</testng-results>
