<?xml version="1.0" encoding="UTF-8"?>
<!-- Generated by org.testng.reporters.JUnitReportReporter -->
<testsuite hostname="DESKTOP-C95QSIM" failures="1" tests="1" name="com.myrunnerpackage.MyRunnerClassMou" time="16.308" errors="0" timestamp="30 Aug 2022 20:25:03 GMT" skipped="0">
  <testcase classname="com.myrunnerpackage.MyRunnerClassMou" name="runScenario" time="16.308">
    <failure message="expected [Sign in to Zoopla - Zoopla] but found [My Zoopla | Zoopla]" type="java.lang.AssertionError">
      <![CDATA[java.lang.AssertionError: expected [Sign in to Zoopla - Zoopla] but found [My Zoopla | Zoopla]
at org.testng.Assert.fail(Assert.java:96)
at org.testng.Assert.failNotEquals(Assert.java:776)
at org.testng.Assert.assertEqualsImpl(Assert.java:137)
at org.testng.Assert.assertEquals(Assert.java:118)
at org.testng.Assert.assertEquals(Assert.java:453)
at org.testng.Assert.assertEquals(Assert.java:463)
at com.mystepdefpackage.LoginStepDefMou.user_able_to_validate_the_page_title(LoginStepDefMou.java:55)
at âœ½.User able to validate the page title "My Zoopla | Zoopla"(file:///C:/Users/User/eclipse-workspace/Cucumber_TestNG_Practice/./Features/LogIn.feature:11)
]]>
    </failure>
  </testcase> <!-- runScenario -->
</testsuite> <!-- com.myrunnerpackage.MyRunnerClassMou -->
